<?xml version="1.0" encoding="UTF-8"?>
<testng-results skipped="0" failed="0" total="1" passed="1">
  <reporter-output>
  </reporter-output>
  <suite name="Default suite" duration-ms="45297" started-at="2014-03-29T18:32:47Z" finished-at="2014-03-29T18:33:33Z">
    <groups>
    </groups>
    <test name="Default test" duration-ms="45297" started-at="2014-03-29T18:32:47Z" finished-at="2014-03-29T18:33:33Z">
      <class name="com.qa.test.CareFirst">
        <test-method status="PASS" signature="beforeMethod()[pri:0, instance:com.qa.test.CareFirst@3212de12]" name="beforeMethod" is-config="true" duration-ms="12518" started-at="2014-03-29T14:32:47Z" finished-at="2014-03-29T14:33:00Z">
          <reporter-output>
          </reporter-output>
        </test-method> <!-- beforeMethod -->
        <test-method status="PASS" signature="f()[pri:0, instance:com.qa.test.CareFirst@3212de12]" name="f" duration-ms="32399" started-at="2014-03-29T14:33:00Z" finished-at="2014-03-29T14:33:32Z">
          <reporter-output>
          </reporter-output>
        </test-method> <!-- f -->
        <test-method status="PASS" signature="afterMethod()[pri:0, instance:com.qa.test.CareFirst@3212de12]" name="afterMethod" is-config="true" duration-ms="362" started-at="2014-03-29T14:33:32Z" finished-at="2014-03-29T14:33:33Z">
          <reporter-output>
          </reporter-output>
        </test-method> <!-- afterMethod -->
      </class> <!-- com.qa.test.CareFirst -->
    </test> <!-- Default test -->
  </suite> <!-- Default suite -->
</testng-results>
