<?xml version="1.0" encoding="UTF-8"?>
<testng-results skipped="0" failed="0" total="1" passed="1">
  <reporter-output>
  </reporter-output>
  <suite name="Default suite" duration-ms="92158" started-at="2014-03-26T01:17:28Z" finished-at="2014-03-26T01:19:00Z">
    <groups>
    </groups>
    <test name="Default test" duration-ms="92158" started-at="2014-03-26T01:17:28Z" finished-at="2014-03-26T01:19:00Z">
      <class name="com.qa.test.CareFirst">
        <test-method status="PASS" signature="beforeMethod()[pri:0, instance:com.qa.test.CareFirst@3212de12]" name="beforeMethod" is-config="true" duration-ms="11554" started-at="2014-03-25T21:17:28Z" finished-at="2014-03-25T21:17:40Z">
          <reporter-output>
          </reporter-output>
        </test-method> <!-- beforeMethod -->
        <test-method status="PASS" signature="f()[pri:0, instance:com.qa.test.CareFirst@3212de12]" name="f" duration-ms="80286" started-at="2014-03-25T21:17:40Z" finished-at="2014-03-25T21:19:00Z">
          <reporter-output>
          </reporter-output>
        </test-method> <!-- f -->
        <test-method status="PASS" signature="afterMethod()[pri:0, instance:com.qa.test.CareFirst@3212de12]" name="afterMethod" is-config="true" duration-ms="303" started-at="2014-03-25T21:19:00Z" finished-at="2014-03-25T21:19:00Z">
          <reporter-output>
          </reporter-output>
        </test-method> <!-- afterMethod -->
      </class> <!-- com.qa.test.CareFirst -->
    </test> <!-- Default test -->
  </suite> <!-- Default suite -->
</testng-results>
